
🧩 Conv_0.txt vs yolov9t_detections_features_layer_0.txt
cpp shape header: (16, 320, 320, 1) → expected 1638400 values
torch length=1638400, ggml length=1638400
first 50 torch=[23.3685   26.807026 26.807026 26.807026 26.807026 26.807026 26.807026
 26.807026 26.807026 26.807026 26.807026 26.807026 26.807026 26.807026
 26.807026 26.807026 26.807026 26.807026 26.807026 26.807026 26.807026
 26.807026 26.807026 26.807026 26.807026 26.807026 26.807026 26.807026
 26.807026 26.807026 26.909264 26.92675  26.92675  26.92675  26.92675
 26.92675  26.92675  26.97526  27.044443 27.044443 26.942919 26.92675
 26.92675  26.92675  26.92675  27.028275 27.044443 27.044443 27.044443
 27.044443]
first 50 ggml =[23.3685 26.807  26.807  26.807  26.807  26.807  26.807  26.807  26.807
 26.807  26.807  26.807  26.807  26.807  26.807  26.807  26.807  26.807
 26.807  26.807  26.807  26.807  26.807  26.807  26.807  26.807  26.807
 26.807  26.807  26.807  26.9093 26.9268 26.9268 26.9268 26.9268 26.9268
 26.9268 26.9753 27.0444 27.0444 26.9429 26.9268 26.9268 26.9268 26.9268
 27.0283 27.0444 27.0444 27.0444 27.0444]

🧩 Conv_1.txt vs yolov9t_detections_features_layer_1.txt
cpp shape header: (32, 160, 160, 1) → expected 819200 values
torch length=819200, ggml length=819200
first 50 torch=[1.6131445 3.2792215 3.2792215 3.2792215 3.2792215 3.2792215 3.2792215
 3.2792215 3.2792215 3.2792215 3.2792215 3.2792215 3.2792215 3.2792215
 3.2792215 2.9652684 2.9536822 2.9536822 2.9573393 2.9464378 2.9590507
 2.9536822 2.9586148 2.94262   2.9596565 2.7103395 2.6042442 2.6023004
 2.6127055 2.6127055 2.6127055 2.6127055 2.6127055 2.6127055 2.6127055
 2.6127055 2.6127055 2.6127055 2.6127055 2.6127055 2.6128683 2.6185753
 2.6185753 2.6185753 2.6185753 2.6185753 2.6185753 2.6185753 2.6185753
 2.6185753]
first 50 ggml =[1.6131 3.2792 3.2792 3.2792 3.2792 3.2792 3.2792 3.2792 3.2792 3.2792
 3.2792 3.2792 3.2792 3.2792 3.2792 2.9653 2.9537 2.9537 2.9573 2.9464
 2.959  2.9537 2.9586 2.9426 2.9597 2.7103 2.6117 2.5955 2.6127 2.6127
 2.6127 2.6127 2.6127 2.6127 2.6127 2.6127 2.6127 2.6127 2.6127 2.6127
 2.6129 2.6186 2.6186 2.6186 2.6186 2.6186 2.6186 2.6186 2.6186 2.6186]

🧩 Upsample_10.txt vs yolov9t_detections_features_layer_10.txt
cpp shape header: (128, 40, 40, 1) → expected 204800 values
torch length=204800, ggml length=204800
first 50 torch=[-0.19184704 -0.19184704 -0.18139893 -0.18139893 -0.18671669 -0.18671669
 -0.17180888 -0.17180888 -0.16255988 -0.16255988 -0.15025164 -0.15025164
 -0.15379986 -0.15379986 -0.1556088  -0.1556088  -0.16467088 -0.16467088
 -0.15761676 -0.15761676 -0.14481568 -0.14481568 -0.13543455 -0.13543455
 -0.14870958 -0.14870958 -0.14119749 -0.14119749 -0.1328985  -0.1328985
 -0.13663308 -0.13663308 -0.14645645 -0.14645645 -0.11276219 -0.11276219
 -0.09381247 -0.09381247 -0.12030527 -0.12030527 -0.19184704 -0.19184704
 -0.18139893 -0.18139893 -0.18671669 -0.18671669 -0.17180888 -0.17180888
 -0.16255988 -0.16255988]
first 50 ggml =[-0.1912 -0.1912 -0.1815 -0.1815 -0.186  -0.186  -0.1713 -0.1713 -0.1624
 -0.1624 -0.151  -0.151  -0.1538 -0.1538 -0.1556 -0.1556 -0.1629 -0.1629
 -0.1566 -0.1566 -0.1424 -0.1424 -0.133  -0.133  -0.1452 -0.1452 -0.1425
 -0.1425 -0.1364 -0.1364 -0.1385 -0.1385 -0.1464 -0.1464 -0.1112 -0.1112
 -0.0925 -0.0925 -0.1173 -0.1173 -0.1912 -0.1912 -0.1815 -0.1815 -0.186
 -0.186  -0.1713 -0.1713 -0.1624 -0.1624]

🧩 Concat_11.txt vs yolov9t_detections_features_layer_11.txt
cpp shape header: (224, 40, 40, 1) → expected 358400 values
torch length=358400, ggml length=358400
first 50 torch=[-0.19184704 -0.19184704 -0.18139893 -0.18139893 -0.18671669 -0.18671669
 -0.17180888 -0.17180888 -0.16255988 -0.16255988 -0.15025164 -0.15025164
 -0.15379986 -0.15379986 -0.1556088  -0.1556088  -0.16467088 -0.16467088
 -0.15761676 -0.15761676 -0.14481568 -0.14481568 -0.13543455 -0.13543455
 -0.14870958 -0.14870958 -0.14119749 -0.14119749 -0.1328985  -0.1328985
 -0.13663308 -0.13663308 -0.14645645 -0.14645645 -0.11276219 -0.11276219
 -0.09381247 -0.09381247 -0.12030527 -0.12030527 -0.19184704 -0.19184704
 -0.18139893 -0.18139893 -0.18671669 -0.18671669 -0.17180888 -0.17180888
 -0.16255988 -0.16255988]
first 50 ggml =[-0.1912 -0.1912 -0.1815 -0.1815 -0.186  -0.186  -0.1713 -0.1713 -0.1624
 -0.1624 -0.151  -0.151  -0.1538 -0.1538 -0.1556 -0.1556 -0.1629 -0.1629
 -0.1566 -0.1566 -0.1424 -0.1424 -0.133  -0.133  -0.1452 -0.1452 -0.1425
 -0.1425 -0.1364 -0.1364 -0.1385 -0.1385 -0.1464 -0.1464 -0.1112 -0.1112
 -0.0925 -0.0925 -0.1173 -0.1173 -0.1912 -0.1912 -0.1815 -0.1815 -0.186
 -0.186  -0.1713 -0.1713 -0.1624 -0.1624]

🧩 RepNCSPELAN4_12.txt vs yolov9t_detections_features_layer_12.txt
cpp shape header: (96, 40, 40, 1) → expected 153600 values
torch length=153600, ggml length=153600
first 50 torch=[-0.19948761 -0.17797941 -0.12193307 -0.1534558  -0.12355514 -0.12024142
 -0.09977786 -0.08176125 -0.08928072 -0.09312893 -0.10246551 -0.10969354
 -0.11635479 -0.1183227  -0.11696098 -0.1153942  -0.120794   -0.12119447
 -0.12626019 -0.1306099  -0.11993624 -0.12034427 -0.12086676 -0.11834199
 -0.11678851 -0.11109117 -0.12706779 -0.13981664 -0.13376185 -0.09742815
 -0.0232565  -0.0110943  -0.06322426  0.00906217 -0.02887337 -0.02109715
 -0.09308924 -0.06727485 -0.03429233 -0.0804541  -0.07353925 -0.01298638
  0.13101983  0.06682871  0.07985407  0.06707554  0.07465385  0.08258339
  0.07064205  0.06460155]
first 50 ggml =[-0.201  -0.1791 -0.1225 -0.1536 -0.1232 -0.12   -0.0979 -0.0802 -0.0877
 -0.0911 -0.0995 -0.1058 -0.111  -0.1129 -0.111  -0.1109 -0.1161 -0.1168
 -0.1222 -0.1265 -0.1168 -0.1179 -0.12   -0.1181 -0.1222 -0.1186 -0.1406
 -0.1541 -0.146  -0.1143 -0.0322 -0.018  -0.0691  0.0094 -0.0256 -0.0147
 -0.1009 -0.0694 -0.0456 -0.0811 -0.0762 -0.0161  0.1301  0.0665  0.0803
  0.067   0.0762  0.0844  0.0728  0.0672]

🧩 Upsample_13.txt vs yolov9t_detections_features_layer_13.txt
cpp shape header: (96, 80, 80, 1) → expected 614400 values
torch length=614400, ggml length=614400
first 50 torch=[-0.19948761 -0.19948761 -0.17797941 -0.17797941 -0.12193307 -0.12193307
 -0.1534558  -0.1534558  -0.12355514 -0.12355514 -0.12024142 -0.12024142
 -0.09977786 -0.09977786 -0.08176125 -0.08176125 -0.08928072 -0.08928072
 -0.09312893 -0.09312893 -0.10246551 -0.10246551 -0.10969354 -0.10969354
 -0.11635479 -0.11635479 -0.1183227  -0.1183227  -0.11696098 -0.11696098
 -0.1153942  -0.1153942  -0.120794   -0.120794   -0.12119447 -0.12119447
 -0.12626019 -0.12626019 -0.1306099  -0.1306099  -0.11993624 -0.11993624
 -0.12034427 -0.12034427 -0.12086676 -0.12086676 -0.11834199 -0.11834199
 -0.11678851 -0.11678851]
first 50 ggml =[-0.201  -0.201  -0.1791 -0.1791 -0.1225 -0.1225 -0.1536 -0.1536 -0.1232
 -0.1232 -0.12   -0.12   -0.0979 -0.0979 -0.0802 -0.0802 -0.0877 -0.0877
 -0.0911 -0.0911 -0.0995 -0.0995 -0.1058 -0.1058 -0.111  -0.111  -0.1129
 -0.1129 -0.111  -0.111  -0.1109 -0.1109 -0.1161 -0.1161 -0.1168 -0.1168
 -0.1222 -0.1222 -0.1265 -0.1265 -0.1168 -0.1168 -0.1179 -0.1179 -0.12
 -0.12   -0.1181 -0.1181 -0.1222 -0.1222]

🧩 Concat_14.txt vs yolov9t_detections_features_layer_14.txt
cpp shape header: (160, 80, 80, 1) → expected 1024000 values
torch length=1024000, ggml length=1024000
first 50 torch=[-0.19948761 -0.19948761 -0.17797941 -0.17797941 -0.12193307 -0.12193307
 -0.1534558  -0.1534558  -0.12355514 -0.12355514 -0.12024142 -0.12024142
 -0.09977786 -0.09977786 -0.08176125 -0.08176125 -0.08928072 -0.08928072
 -0.09312893 -0.09312893 -0.10246551 -0.10246551 -0.10969354 -0.10969354
 -0.11635479 -0.11635479 -0.1183227  -0.1183227  -0.11696098 -0.11696098
 -0.1153942  -0.1153942  -0.120794   -0.120794   -0.12119447 -0.12119447
 -0.12626019 -0.12626019 -0.1306099  -0.1306099  -0.11993624 -0.11993624
 -0.12034427 -0.12034427 -0.12086676 -0.12086676 -0.11834199 -0.11834199
 -0.11678851 -0.11678851]
first 50 ggml =[-0.201  -0.201  -0.1791 -0.1791 -0.1225 -0.1225 -0.1536 -0.1536 -0.1232
 -0.1232 -0.12   -0.12   -0.0979 -0.0979 -0.0802 -0.0802 -0.0877 -0.0877
 -0.0911 -0.0911 -0.0995 -0.0995 -0.1058 -0.1058 -0.111  -0.111  -0.1129
 -0.1129 -0.111  -0.111  -0.1109 -0.1109 -0.1161 -0.1161 -0.1168 -0.1168
 -0.1222 -0.1222 -0.1265 -0.1265 -0.1168 -0.1168 -0.1179 -0.1179 -0.12
 -0.12   -0.1181 -0.1181 -0.1222 -0.1222]

🧩 RepNCSPELAN4_15.txt vs yolov9t_detections_features_layer_15.txt
cpp shape header: (64, 80, 80, 1) → expected 409600 values
torch length=409600, ggml length=409600
first 50 torch=[-0.25395995 -0.21267925 -0.26855433 -0.25275627 -0.27243352 -0.2784322
 -0.27777705 -0.27208117 -0.27384508 -0.27477127 -0.2749719  -0.27181816
 -0.27613977 -0.27537495 -0.27511626 -0.27566257 -0.27636427 -0.27631426
 -0.27593547 -0.2768702  -0.27673233 -0.27563408 -0.27578515 -0.2760023
 -0.2762034  -0.27618036 -0.2769317  -0.27639946 -0.2766818  -0.2773232
 -0.27671158 -0.27596447 -0.27548876 -0.27593142 -0.2763038  -0.27650034
 -0.2766584  -0.276698   -0.27668563 -0.27678078 -0.2771624  -0.27643916
 -0.27631962 -0.2767936  -0.276609   -0.2766009  -0.27582595 -0.27597162
 -0.27408174 -0.2745396 ]
first 50 ggml =[-0.2542 -0.2129 -0.2685 -0.2528 -0.2724 -0.2784 -0.2777 -0.2719 -0.2737
 -0.2747 -0.2749 -0.2717 -0.2761 -0.2751 -0.275  -0.2756 -0.2762 -0.2761
 -0.2757 -0.2767 -0.2767 -0.2755 -0.2757 -0.2759 -0.2761 -0.2761 -0.2769
 -0.2763 -0.2767 -0.2775 -0.277  -0.276  -0.2756 -0.276  -0.2764 -0.2766
 -0.2766 -0.2767 -0.2767 -0.2767 -0.277  -0.2764 -0.2763 -0.2768 -0.2765
 -0.2765 -0.2757 -0.276  -0.2739 -0.2744]

🧩 AConv_16.txt vs yolov9t_detections_features_layer_16.txt
cpp shape header: (48, 40, 40, 1) → expected 76800 values
torch length=76800, ggml length=76800
first 50 torch=[-0.09909546 -0.12120052 -0.05878671 -0.02650349  0.02684603  0.04013005
  0.03946842  0.02483568  0.02204741  0.02809632  0.03361214  0.03610523
  0.03666427  0.04019489  0.04887243  0.05159761  0.05188615  0.05919237
  0.06035958  0.0592796   0.05895529  0.06165625  0.06856789  0.08210803
  0.08979544  0.08531716  0.08385348  0.11481342  0.07661281 -0.01453419
  0.03584852  0.11007778 -0.03101148 -0.02520442 -0.0735703  -0.13547161
 -0.12529859 -0.18296714 -0.15659338 -0.17014824 -0.18933788 -0.2584719
 -0.19351444 -0.13853477 -0.08951445 -0.12537847 -0.11641714 -0.1301601
 -0.12102764 -0.11767581]
first 50 ggml =[-0.0997 -0.1225 -0.0603 -0.0273  0.0256  0.0387  0.0387  0.0234  0.0202
  0.0263  0.0311  0.0333  0.0334  0.0363  0.0477  0.0502  0.048   0.0556
  0.0579  0.0567  0.0551  0.0578  0.0654  0.0795  0.0863  0.0824  0.0785
  0.1142  0.0752 -0.0263  0.0251  0.1026 -0.0371 -0.0284 -0.0667 -0.1334
 -0.1168 -0.1869 -0.1599 -0.1676 -0.1902 -0.2589 -0.1936 -0.1377 -0.0888
 -0.1246 -0.1161 -0.1307 -0.1221 -0.1185]

🧩 Concat_17.txt vs yolov9t_detections_features_layer_17.txt
cpp shape header: (144, 40, 40, 1) → expected 230400 values
torch length=230400, ggml length=230400
first 50 torch=[-0.09909546 -0.12120052 -0.05878671 -0.02650349  0.02684603  0.04013005
  0.03946842  0.02483568  0.02204741  0.02809632  0.03361214  0.03610523
  0.03666427  0.04019489  0.04887243  0.05159761  0.05188615  0.05919237
  0.06035958  0.0592796   0.05895529  0.06165625  0.06856789  0.08210803
  0.08979544  0.08531716  0.08385348  0.11481342  0.07661281 -0.01453419
  0.03584852  0.11007778 -0.03101148 -0.02520442 -0.0735703  -0.13547161
 -0.12529859 -0.18296714 -0.15659338 -0.17014824 -0.18933788 -0.2584719
 -0.19351444 -0.13853477 -0.08951445 -0.12537847 -0.11641714 -0.1301601
 -0.12102764 -0.11767581]
first 50 ggml =[-0.0997 -0.1225 -0.0603 -0.0273  0.0256  0.0387  0.0387  0.0234  0.0202
  0.0263  0.0311  0.0333  0.0334  0.0363  0.0477  0.0502  0.048   0.0556
  0.0579  0.0567  0.0551  0.0578  0.0654  0.0795  0.0863  0.0824  0.0785
  0.1142  0.0752 -0.0263  0.0251  0.1026 -0.0371 -0.0284 -0.0667 -0.1334
 -0.1168 -0.1869 -0.1599 -0.1676 -0.1902 -0.2589 -0.1936 -0.1377 -0.0888
 -0.1246 -0.1161 -0.1307 -0.1221 -0.1185]

🧩 RepNCSPELAN4_18.txt vs yolov9t_detections_features_layer_18.txt
cpp shape header: (96, 40, 40, 1) → expected 153600 values
torch length=153600, ggml length=153600
first 50 torch=[-0.13560243 -0.15233411 -0.01703098  0.06203049  0.11631449  0.14978705
  0.20552799  0.19735143  0.11737607  0.05289579 -0.00696452 -0.02070201
 -0.04370076 -0.06156586 -0.05677818 -0.04353758 -0.02364048 -0.02091082
 -0.02297196 -0.0255785  -0.0185696  -0.03839264 -0.01692123  0.07452404
  0.09217598  0.1456735   0.16466218  0.06193219 -0.03131368 -0.05212121
 -0.09992386 -0.12245437 -0.09899557  0.05627229  0.00675598 -0.03392205
 -0.0266852  -0.00182126 -0.068568    0.20067272 -0.13188614  0.0585903
  0.18745477  0.26671115  0.28922075  0.34194708  0.34397477  0.27420723
  0.3159295   0.25614387]
first 50 ggml =[-0.1338 -0.1519 -0.0173  0.0617  0.1165  0.1513  0.207   0.1995  0.1212
  0.0574 -0.0018 -0.0156 -0.0384 -0.0557 -0.049  -0.0349 -0.015  -0.0126
 -0.0143 -0.0181 -0.0123 -0.0337 -0.0123  0.0807  0.0982  0.1503  0.1678
  0.0602 -0.0341 -0.0558 -0.1019 -0.1183 -0.0851  0.0572 -0.0017 -0.0432
 -0.0364 -0.0023 -0.0567  0.1897 -0.1306  0.0593  0.1867  0.2666  0.2889
  0.3422  0.3436  0.2724  0.312   0.252 ]

🧩 AConv_19.txt vs yolov9t_detections_features_layer_19.txt
cpp shape header: (64, 20, 20, 1) → expected 25600 values
torch length=25600, ggml length=25600
first 50 torch=[ 0.7363096   0.59767497  0.48507014  0.5472985   0.5748148   0.57865083
  0.62089634  0.61689866  0.62234974  0.65109825  0.83268535  0.94905114
  1.4299736   0.5755509   0.16264719  0.8541344   1.0480844   0.01968465
  0.4815845   1.1714877   0.16178782 -0.05270274 -0.10125748  0.02631323
  0.16497195  0.21004893  0.26139584  0.18726768  0.15494913  0.16914526
  0.40662244  0.713424    1.5400375   0.4398218  -0.14120273  0.4076358
  0.3532034  -0.2784409  -0.06819844  1.3456309   0.13949984 -0.0652436
 -0.05006808  0.02743181  0.09867355  0.08750532  0.15230185  0.16499995
  0.25634846  0.25315347]
first 50 ggml =[ 0.7365  0.5987  0.4836  0.5453  0.5773  0.5813  0.6214  0.6141  0.6187
  0.6463  0.8302  0.9458  1.4367  0.5704  0.1588  0.8612  1.025   0.02
  0.4919  1.1721  0.1619 -0.0525 -0.1022  0.0264  0.168   0.211   0.2604
  0.1798  0.1537  0.167   0.4022  0.7005  1.5344  0.4315 -0.1363  0.4217
  0.347  -0.2784 -0.055   1.3447  0.1408 -0.0647 -0.052   0.0289  0.1056
  0.0856  0.1543  0.1648  0.261   0.2574]

🧩 ELAN1_2.txt vs yolov9t_detections_features_layer_2.txt
cpp shape header: (32, 160, 160, 1) → expected 819200 values
torch length=819200, ggml length=819200
first 50 torch=[3.0512338  0.67076397 1.2467294  1.3359175  1.3357004  1.3359187
 1.3359187  1.3359187  1.3359187  1.3359187  1.3359187  1.3359187
 1.3359187  1.3382475  1.3488815  1.6522342  1.3061801  1.2903346
 1.2692014  1.2856956  1.2954692  1.2860432  1.2483038  1.2901534
 1.2843637  1.536575   1.249131   1.242833   1.2547168  1.2591479
 1.2584897  1.2583932  1.2583932  1.2583932  1.2583932  1.2583932
 1.2583932  1.2583932  1.2576075  1.2612526  1.2414955  1.2642118
 1.2560759  1.2590508  1.2577561  1.2579643  1.2580588  1.2580588
 1.2580588  1.2580588 ]
first 50 ggml =[3.0515 0.6709 1.2468 1.3362 1.3356 1.3359 1.3359 1.3359 1.3359 1.3359
 1.3359 1.3359 1.3359 1.3382 1.3489 1.6522 1.3062 1.2903 1.2692 1.2857
 1.2957 1.2864 1.2481 1.2904 1.2839 1.5369 1.2225 1.265  1.2547 1.2592
 1.2585 1.2584 1.2584 1.2584 1.2584 1.2584 1.2584 1.2584 1.2576 1.2613
 1.2415 1.2642 1.2561 1.2591 1.2578 1.258  1.2581 1.2581 1.2581 1.2581]

🧩 Concat_20.txt vs yolov9t_detections_features_layer_20.txt
cpp shape header: (192, 20, 20, 1) → expected 76800 values
torch length=76800, ggml length=76800
first 50 torch=[ 0.7363096   0.59767497  0.48507014  0.5472985   0.5748148   0.57865083
  0.62089634  0.61689866  0.62234974  0.65109825  0.83268535  0.94905114
  1.4299736   0.5755509   0.16264719  0.8541344   1.0480844   0.01968465
  0.4815845   1.1714877   0.16178782 -0.05270274 -0.10125748  0.02631323
  0.16497195  0.21004893  0.26139584  0.18726768  0.15494913  0.16914526
  0.40662244  0.713424    1.5400375   0.4398218  -0.14120273  0.4076358
  0.3532034  -0.2784409  -0.06819844  1.3456309   0.13949984 -0.0652436
 -0.05006808  0.02743181  0.09867355  0.08750532  0.15230185  0.16499995
  0.25634846  0.25315347]
first 50 ggml =[ 0.7365  0.5987  0.4836  0.5453  0.5773  0.5813  0.6214  0.6141  0.6187
  0.6463  0.8302  0.9458  1.4367  0.5704  0.1588  0.8612  1.025   0.02
  0.4919  1.1721  0.1619 -0.0525 -0.1022  0.0264  0.168   0.211   0.2604
  0.1798  0.1537  0.167   0.4022  0.7005  1.5344  0.4315 -0.1363  0.4217
  0.347  -0.2784 -0.055   1.3447  0.1408 -0.0647 -0.052   0.0289  0.1056
  0.0856  0.1543  0.1648  0.261   0.2574]

🧩 RepNCSPELAN4_21.txt vs yolov9t_detections_features_layer_21.txt
cpp shape header: (128, 20, 20, 1) → expected 51200 values
torch length=51200, ggml length=51200
first 50 torch=[-0.14038382 -0.1375293  -0.14789478 -0.15083236 -0.18290505 -0.18899792
 -0.21851338 -0.23740551 -0.25020328 -0.25779325 -0.23854275 -0.20625098
 -0.22377253 -0.2538734  -0.27167624 -0.2771496  -0.22706884 -0.13358165
 -0.11016612 -0.20304534 -0.17486736 -0.20857945 -0.23689586 -0.2521773
 -0.27834526 -0.27284387 -0.275446   -0.27750438 -0.27846226 -0.2783493
 -0.2784606  -0.27483755 -0.26318818 -0.26342508 -0.2644116  -0.2753708
 -0.2161234  -0.10151252 -0.05566066 -0.15400343 -0.1812415  -0.23042984
 -0.25415185 -0.27280435 -0.27145427 -0.27806643 -0.2776865  -0.2746135
 -0.27832916 -0.27207968]
first 50 ggml =[-0.1407 -0.1373 -0.1476 -0.1504 -0.182  -0.1868 -0.2147 -0.2334 -0.2452
 -0.2543 -0.2344 -0.2032 -0.2218 -0.2557 -0.2739 -0.2778 -0.2321 -0.1336
 -0.1072 -0.2008 -0.1749 -0.2091 -0.2362 -0.2508 -0.2785 -0.2713 -0.2735
 -0.2783 -0.2782 -0.2779 -0.2782 -0.2722 -0.2584 -0.2612 -0.2622 -0.2751
 -0.2161 -0.0977 -0.0526 -0.1506 -0.1819 -0.2313 -0.2531 -0.2726 -0.2719
 -0.2779 -0.2773 -0.2759 -0.2775 -0.2681]

🧩 AConv_3.txt vs yolov9t_detections_features_layer_3.txt
cpp shape header: (64, 80, 80, 1) → expected 409600 values
torch length=409600, ggml length=409600
first 50 torch=[-0.23838419 -0.2784061  -0.27606797 -0.2760823  -0.2760823  -0.2760823
 -0.27614322 -0.27544236 -0.2768122  -0.27761257 -0.27709672 -0.2777026
 -0.27637658 -0.27647144 -0.27751023 -0.2774305  -0.2774321  -0.27742726
 -0.2774393  -0.27715215 -0.27753037 -0.27750584 -0.27752054 -0.27752233
 -0.27752176 -0.2775237  -0.276924   -0.277898   -0.27736187 -0.27758393
 -0.2776809  -0.27770552 -0.27774122 -0.27774122 -0.27774122 -0.27774122
 -0.27774122 -0.27774122 -0.27774402 -0.27775306 -0.2775807  -0.27793202
 -0.2778543  -0.27786443 -0.27786067 -0.27785918 -0.27785918 -0.27785918
 -0.27785918 -0.27785918]
first 50 ggml =[-0.2382 -0.2784 -0.2761 -0.2761 -0.2761 -0.2761 -0.2761 -0.2754 -0.2768
 -0.2776 -0.2771 -0.2777 -0.2763 -0.2765 -0.2775 -0.2774 -0.2774 -0.2774
 -0.2774 -0.2771 -0.2775 -0.2775 -0.2775 -0.2775 -0.2775 -0.2775 -0.2769
 -0.2779 -0.2774 -0.2776 -0.2776 -0.2777 -0.2777 -0.2777 -0.2777 -0.2777
 -0.2777 -0.2777 -0.2777 -0.2778 -0.2776 -0.2779 -0.2779 -0.2779 -0.2779
 -0.2779 -0.2779 -0.2779 -0.2779 -0.2779]

🧩 RepNCSPELAN4_4.txt vs yolov9t_detections_features_layer_4.txt
cpp shape header: (64, 80, 80, 1) → expected 409600 values
torch length=409600, ggml length=409600
first 50 torch=[-0.2659868  -0.2698445  -0.27419388 -0.271032   -0.2719589  -0.27218884
 -0.27574077 -0.2705825  -0.27278325 -0.27093405 -0.2709424  -0.27440608
 -0.27230424 -0.27536267 -0.27563915 -0.2765287  -0.27634037 -0.27573165
 -0.2753716  -0.27698937 -0.27568236 -0.27657583 -0.27581167 -0.27464646
 -0.2740532  -0.27511847 -0.276939   -0.2763016  -0.27810502 -0.277802
 -0.27609637 -0.27622572 -0.27435762 -0.27341822 -0.27315086 -0.27327558
 -0.27330375 -0.2732988  -0.2743424  -0.27597108 -0.27543667 -0.27479017
 -0.2762997  -0.27634078 -0.2750548  -0.27410907 -0.27316964 -0.27303833
 -0.27321994 -0.2733717 ]
first 50 ggml =[-0.266  -0.2698 -0.2742 -0.2711 -0.272  -0.2722 -0.2757 -0.2706 -0.2728
 -0.271  -0.2711 -0.2745 -0.2724 -0.2749 -0.2757 -0.2764 -0.2763 -0.2757
 -0.2753 -0.277  -0.2758 -0.2767 -0.2759 -0.2747 -0.2741 -0.2752 -0.277
 -0.2764 -0.2783 -0.2774 -0.2761 -0.2762 -0.2744 -0.2735 -0.2732 -0.2733
 -0.2733 -0.2733 -0.2744 -0.2762 -0.2761 -0.2757 -0.2767 -0.2764 -0.2749
 -0.274  -0.2731 -0.273  -0.2732 -0.2734]

🧩 AConv_5.txt vs yolov9t_detections_features_layer_5.txt
cpp shape header: (96, 40, 40, 1) → expected 153600 values
torch length=153600, ggml length=153600
first 50 torch=[0.31891316 0.4384802  0.4159472  0.3305172  0.32387617 0.3522597
 0.33853486 0.37998182 0.37836912 0.36902878 0.34565437 0.38659832
 0.38488582 0.35944882 0.3513795  0.3670132  0.3767031  0.3704714
 0.37027207 0.36645383 0.34682864 0.3656619  0.3739096  0.37220794
 0.36865866 0.3707629  0.36259222 0.26093033 0.30718708 0.29429528
 0.28449568 0.30713004 0.35660216 0.2492738  0.51266927 0.46512312
 0.2693725  0.5033776  0.23131177 0.36196217 0.5550441  0.82356554
 0.679862   0.58829    0.5875584  0.6083069  0.5510501  0.6388499
 0.6166459  0.63775784]
first 50 ggml =[0.3154 0.4379 0.416  0.3306 0.3237 0.3513 0.3375 0.3803 0.3783 0.369
 0.3455 0.3866 0.3846 0.3604 0.3392 0.361  0.3776 0.3704 0.37   0.3667
 0.3492 0.3685 0.3734 0.3721 0.3689 0.3709 0.3631 0.2597 0.3053 0.2983
 0.3031 0.3272 0.3614 0.2762 0.5165 0.4697 0.2465 0.5095 0.2612 0.3845
 0.5523 0.8226 0.6798 0.5883 0.5873 0.6081 0.5526 0.6426 0.6159 0.6367]

🧩 RepNCSPELAN4_6.txt vs yolov9t_detections_features_layer_6.txt
cpp shape header: (96, 40, 40, 1) → expected 153600 values
torch length=153600, ggml length=153600
first 50 torch=[-0.26315808 -0.2114814  -0.25067124 -0.25605756 -0.26609996 -0.2663159
 -0.26621446 -0.26434508 -0.2657596  -0.26881835 -0.2709296  -0.27280346
 -0.2735284  -0.2727807  -0.2728187  -0.27068084 -0.27087325 -0.2726645
 -0.27240315 -0.26993468 -0.2651319  -0.2612341  -0.25737965 -0.25567663
 -0.25726235 -0.25381574 -0.25262547 -0.24803677 -0.22492069 -0.2179131
 -0.23776701 -0.25077072 -0.23720527 -0.27828476 -0.27665752 -0.27468336
 -0.27126214 -0.24697651 -0.16004159 -0.02431707 -0.27839136 -0.24052738
 -0.2705848  -0.27198508 -0.2673393  -0.2618446  -0.25994706 -0.25474238
 -0.25410032 -0.25545537]
first 50 ggml =[-0.2627 -0.2117 -0.251  -0.2562 -0.2663 -0.2665 -0.2665 -0.2646 -0.2659
 -0.269  -0.271  -0.2729 -0.2736 -0.2728 -0.2728 -0.2708 -0.271  -0.2728
 -0.2724 -0.2695 -0.2645 -0.2606 -0.2569 -0.2559 -0.2577 -0.2535 -0.2535
 -0.2486 -0.2259 -0.2213 -0.2409 -0.2436 -0.2422 -0.2784 -0.2767 -0.2732
 -0.2698 -0.2427 -0.1591 -0.0358 -0.2783 -0.2409 -0.2709 -0.2722 -0.2675
 -0.2621 -0.2603 -0.2552 -0.2543 -0.2556]

🧩 AConv_7.txt vs yolov9t_detections_features_layer_7.txt
cpp shape header: (128, 20, 20, 1) → expected 51200 values
torch length=51200, ggml length=51200
first 50 torch=[-0.20575288 -0.24238963 -0.22752395 -0.22018376 -0.21963051 -0.2232211
 -0.22548707 -0.22377028 -0.22641917 -0.2227195  -0.21507058 -0.21383144
 -0.22966538 -0.23023413 -0.19481923 -0.21266647 -0.12423328 -0.17490357
 -0.17543855 -0.11757063 -0.17646514 -0.25740045 -0.2591938  -0.25744107
 -0.25898364 -0.25930578 -0.25927892 -0.25696263 -0.25610676 -0.25489727
 -0.25239593 -0.2516103  -0.2635854  -0.24822895 -0.20914328 -0.20818616
 -0.08532213 -0.12099529 -0.07831423  0.03881006 -0.14361203 -0.20570603
 -0.2021869  -0.20030525 -0.16682822 -0.17873527 -0.18664707 -0.19375783
 -0.20950417 -0.20216095]
first 50 ggml =[-0.2059 -0.2424 -0.2277 -0.2203 -0.2195 -0.2232 -0.2255 -0.2234 -0.2261
 -0.2221 -0.215  -0.2155 -0.2298 -0.2261 -0.1907 -0.214  -0.1327 -0.1828
 -0.1775 -0.1216 -0.177  -0.2574 -0.2594 -0.2577 -0.2588 -0.2589 -0.2592
 -0.2571 -0.256  -0.2543 -0.2522 -0.2531 -0.2646 -0.2474 -0.2095 -0.2055
 -0.0831 -0.124  -0.0859  0.0201 -0.142  -0.2026 -0.1975 -0.1992 -0.1626
 -0.17   -0.1801 -0.1901 -0.2088 -0.201 ]

🧩 RepNCSPELAN4_8.txt vs yolov9t_detections_features_layer_8.txt
cpp shape header: (128, 20, 20, 1) → expected 51200 values
torch length=51200, ggml length=51200
first 50 torch=[-0.01901107 -0.15594208 -0.19514143 -0.18971156 -0.18390489 -0.1918964
 -0.21008155 -0.21937689 -0.21245903 -0.2017759  -0.1661229  -0.11121693
 -0.08964191 -0.19094166 -0.27767137 -0.27127168 -0.27677026 -0.27536368
 -0.27708042 -0.23569101 -0.1317348  -0.27714697 -0.2730401  -0.27804428
 -0.2754597  -0.2674228  -0.26734534 -0.26928368 -0.26974964 -0.26997107
 -0.27783814 -0.27208298 -0.26376596 -0.20098227 -0.2784186  -0.23952697
 -0.27743208 -0.27028432 -0.2758623  -0.25753185 -0.1849662  -0.2568626
 -0.24913505 -0.2618713  -0.26258335 -0.25258246 -0.2560803  -0.26681817
 -0.2724587  -0.26554948]
first 50 ggml =[-0.0176 -0.1582 -0.1976 -0.1927 -0.1875 -0.1957 -0.2147 -0.2244 -0.2177
 -0.203  -0.1629 -0.1099 -0.0928 -0.2008 -0.2784 -0.2754 -0.278  -0.2773
 -0.2779 -0.2412 -0.133  -0.277  -0.273  -0.278  -0.2753 -0.2666 -0.2659
 -0.2681 -0.269  -0.2702 -0.2781 -0.2719 -0.2626 -0.1822 -0.278  -0.2359
 -0.2778 -0.2713 -0.2759 -0.2601 -0.1859 -0.2558 -0.249  -0.2605 -0.2619
 -0.2515 -0.2538 -0.2652 -0.2708 -0.2634]

🧩 SPPELAN_9.txt vs yolov9t_detections_features_layer_9.txt
cpp shape header: (128, 20, 20, 1) → expected 51200 values
torch length=51200, ggml length=51200
first 50 torch=[-0.19184704 -0.18139893 -0.18671669 -0.17180888 -0.16255988 -0.15025164
 -0.15379986 -0.1556088  -0.16467088 -0.15761676 -0.14481568 -0.13543455
 -0.14870958 -0.14119749 -0.1328985  -0.13663308 -0.14645645 -0.11276219
 -0.09381247 -0.12030527 -0.19281316 -0.1705819  -0.17105772 -0.15388323
 -0.1521131  -0.13894494 -0.14363393 -0.15388761 -0.16185595 -0.1710017
 -0.14929496 -0.14267117 -0.15186605 -0.16181189 -0.15612005 -0.14086828
 -0.17912534 -0.16700257 -0.1371641  -0.1972559  -0.2049906  -0.16998224
 -0.14390586 -0.13541873 -0.14012457 -0.13331269 -0.13150153 -0.15016276
 -0.16447219 -0.16538723]
first 50 ggml =[-0.1912 -0.1815 -0.186  -0.1713 -0.1624 -0.151  -0.1538 -0.1556 -0.1629
 -0.1566 -0.1424 -0.133  -0.1452 -0.1425 -0.1364 -0.1385 -0.1464 -0.1112
 -0.0925 -0.1173 -0.1918 -0.1699 -0.1692 -0.152  -0.1506 -0.1388 -0.1418
 -0.1508 -0.1585 -0.1684 -0.1482 -0.1422 -0.1492 -0.1615 -0.1602 -0.1443
 -0.1823 -0.1679 -0.1353 -0.1993 -0.2058 -0.1674 -0.1399 -0.1301 -0.1351
 -0.1298 -0.1296 -0.1477 -0.1618 -0.1645]
