Initializing backend... done (3.0 ms)
- device: CPU - AMD Ryzen 9 5900X 12-Core Processor
Loading model weights from 'models/yolov9t_converted.gguf'... done (65.4 ms)
- float type: f32
- tensor layout: cwhn
- model input size: 640x640
- input image size: 512x512
- tensor layout: CWHN
- processed_f32 shape: 640x640
Preprocessing complete (9.8 ms)
Running YOLOv9t inference...
Conv In: ne[0]=3, ne[1]=640, ne[2]=640, ne[3]=1
Weight shape: [3,3,3,16]
Input shape: [3,640,640,1]
Conv: c1=3, c2=16, k=3, s=2, p=1, g=1, d=1, act=True
Conv Out: ne[0]=16, ne[1]=320, ne[2]=320, ne[3]=1
Name: model.4, c1=64, c2=64, c3=64, c4=32, n=3
Name: model.6, c1=96, c2=96, c3=96, c4=48, n=3
Name: model.8, c1=128, c2=128, c3=128, c4=64, n=3
Name: model.12, c1=224, c2=96, c3=96, c4=48, n=3
Name: model.15, c1=160, c2=64, c3=64, c4=32, n=3
Name: model.18, c1=144, c2=96, c3=96, c4=48, n=3
Name: model.21, c1=192, c2=128, c3=128, c4=64, n=3
features size: [22]
x_cat shape: [144,8400,1, 1]
anchor_points shape: [2,8400]
stride_tensor shape: [1,8400]
proj shape: [16,1,1,1]
dfl_output shape: [1,4,8400,1]
distance shape: [1,4,8400,1]
anchor_points shpe: [2,8400,1,1]
dbox shape: [4,8400,1,1]
strides_bc shape: [1,8400,1,1]
cls shape: [80,8400,1,1]
detect_forward complete
outputs.predictions built
Running inference... complete (243.7 ms)
Postprocessing... skipped (no renderer yet)
Detection: bed 55% at [247, 375, 0, 241] (obj_conf: 0.55, cls_conf: 0.55)
Detection: hair drier 35% at [171, 331, 499, 512] (obj_conf: 0.35, cls_conf: 0.35)
Detection: potted plant 35% at [371, 0, 119, 0] (obj_conf: 0.35, cls_conf: 0.35)
Detection: bed 26% at [0, 119, 247, 241] (obj_conf: 0.26, cls_conf: 0.26)
-> output image saved to ./yolov9t_detections.jpg
Postprocessing complete (44.1 ms)
Found 4 objects
