Initializing backend... done (2.8 ms)
- device: CPU - AMD Ryzen 9 5900X 12-Core Processor
Loading model weights from 'models/yolov9t_converted.gguf'... done (56.1 ms)
- float type: f32
- tensor layout: cwhn
- model input size: 640x640
- input image size: 512x512
- tensor layout: CWHN
- processed_f32 shape: 640x640
Image shape: torch.Size([1, 3, 640, 640])
Preprocessing complete (6.7 ms)
Running YOLOv9t inference...
Conv In: ne[0]=3, ne[1]=640, ne[2]=640, ne[3]=1
Weight shape: [3,3,3,16]
Input shape: [3,640,640,1]
Conv: c1=3, c2=16, k=3, s=2, p=1, g=1, d=1, act=True
Conv Out: ne[0]=16, ne[1]=320, ne[2]=320, ne[3]=1
Name: model.4, c1=64, c2=64, c3=64, c4=32, n=3
Name: model.6, c1=96, c2=96, c3=96, c4=48, n=3
Name: model.8, c1=128, c2=128, c3=128, c4=64, n=3
Name: model.12, c1=224, c2=96, c3=96, c4=48, n=3
Name: model.15, c1=160, c2=64, c3=64, c4=32, n=3
Name: model.18, c1=144, c2=96, c3=96, c4=48, n=3
Name: model.21, c1=192, c2=128, c3=128, c4=64, n=3
features size: [22]
x_cat shape: [144,8400,1, 1]
anchor_points shape: [2,8400]
stride_tensor shape: [1,8400]
proj shape: [16,1,1,1]
dfl_output shape: [1,4,8400,1]
distance shape: [1,4,8400,1]
anchor_points shpe: [2,8400,1,1]
dbox shape: [4,8400,1,1]
strides_bc shape: [1,8400,1,1]
cls shape: [80,8400,1,1]
detect_forward complete
outputs.predictions built
Running inference... complete (211.3 ms)
3.0 cat 0.97
4.5 cat 0.97
3.0 cat 0.93
3.0 cat 0.93
3.0 tv 0.67
3.0 tv 0.64
27.8 tv 0.58
27.8 tv 0.56
3.0 bed 0.96
3.0 bed 0.94
3.0 bed 0.90
3.0 bed 0.88
Postprocessing... skipped (no renderer yet)
Detection: motorcycle 99% at [372, 0, 119, 246] (obj_conf: 1.00, cls_conf: 1.00)
Detection: motorcycle 99% at [375, 0, 119, 0] (obj_conf: 1.00, cls_conf: 1.00)
Detection: airplane 99% at [247, 375, 0, 241] (obj_conf: 1.00, cls_conf: 1.00)
Detection: car 99% at [0, 119, 247, 242] (obj_conf: 0.99, cls_conf: 0.99)
Detection: chair 99% at [247, 375, 0, 242] (obj_conf: 0.99, cls_conf: 0.99)
Detection: couch 99% at [117, 247, 375, 0] (obj_conf: 0.99, cls_conf: 0.99)
Detection: bus 99% at [119, 247, 375, 0] (obj_conf: 0.99, cls_conf: 0.99)
Detection: train 99% at [0, 119, 247, 242] (obj_conf: 0.99, cls_conf: 0.99)
Detection: cake 98% at [375, 0, 119, 0] (obj_conf: 0.99, cls_conf: 0.99)
Detection: bicycle 98% at [119, 247, 375, 0] (obj_conf: 0.99, cls_conf: 0.99)
Detection: cake 98% at [375, 0, 119, 0] (obj_conf: 0.99, cls_conf: 0.99)
Detection: couch 98% at [119, 247, 374, 0] (obj_conf: 0.99, cls_conf: 0.99)
Detection: chair 98% at [375, 0, 119, 0] (obj_conf: 0.99, cls_conf: 0.99)
Detection: cake 98% at [0, 119, 247, 241] (obj_conf: 0.99, cls_conf: 0.99)
Detection: donut 98% at [0, 119, 247, 0] (obj_conf: 0.99, cls_conf: 0.99)
Detection: cake 98% at [119, 247, 375, 0] (obj_conf: 0.99, cls_conf: 0.99)
Detection: cake 98% at [247, 375, 0, 240] (obj_conf: 0.98, cls_conf: 0.98)
Detection: chair 98% at [119, 247, 375, 0] (obj_conf: 0.98, cls_conf: 0.98)
Detection: chair 98% at [247, 375, 0, 242] (obj_conf: 0.98, cls_conf: 0.98)
Detection: cake 98% at [247, 375, 0, 241] (obj_conf: 0.98, cls_conf: 0.98)
Detection: chair 98% at [119, 247, 375, 0] (obj_conf: 0.98, cls_conf: 0.98)
Detection: cake 98% at [375, 0, 119, 0] (obj_conf: 0.98, cls_conf: 0.98)
Detection: chair 98% at [375, 0, 119, 0] (obj_conf: 0.98, cls_conf: 0.98)
Detection: chair 98% at [247, 375, 0, 242] (obj_conf: 0.98, cls_conf: 0.98)
Detection: chair 98% at [119, 247, 375, 0] (obj_conf: 0.98, cls_conf: 0.98)
Detection: chair 98% at [247, 375, 0, 242] (obj_conf: 0.98, cls_conf: 0.98)
Detection: chair 98% at [0, 119, 247, 242] (obj_conf: 0.98, cls_conf: 0.98)
Detection: cake 98% at [119, 247, 375, 0] (obj_conf: 0.98, cls_conf: 0.98)
Detection: chair 98% at [119, 247, 375, 0] (obj_conf: 0.98, cls_conf: 0.98)
Detection: chair 98% at [375, 0, 119, 0] (obj_conf: 0.98, cls_conf: 0.98)
Detection: person 98% at [119, 247, 375, 0] (obj_conf: 0.98, cls_conf: 0.98)
Detection: spoon 98% at [247, 375, 0, 0] (obj_conf: 0.98, cls_conf: 0.98)
Detection: spoon 98% at [247, 375, 0, 242] (obj_conf: 0.98, cls_conf: 0.98)
Detection: banana 98% at [0, 119, 247, 241] (obj_conf: 0.98, cls_conf: 0.98)
Detection: bicycle 98% at [0, 119, 247, 241] (obj_conf: 0.98, cls_conf: 0.98)
Detection: cake 98% at [247, 375, 0, 241] (obj_conf: 0.98, cls_conf: 0.98)
Detection: cake 98% at [247, 375, 0, 240] (obj_conf: 0.98, cls_conf: 0.98)
Detection: apple 98% at [375, 0, 119, 0] (obj_conf: 0.98, cls_conf: 0.98)
Detection: knife 98% at [375, 0, 119, 0] (obj_conf: 0.98, cls_conf: 0.98)
Detection: apple 98% at [375, 0, 111, 0] (obj_conf: 0.98, cls_conf: 0.98)
Detection: donut 98% at [119, 247, 373, 0] (obj_conf: 0.98, cls_conf: 0.98)
Detection: cake 98% at [375, 0, 119, 0] (obj_conf: 0.98, cls_conf: 0.98)
Detection: donut 98% at [0, 119, 245, 0] (obj_conf: 0.98, cls_conf: 0.98)
Detection: donut 97% at [375, 0, 115, 0] (obj_conf: 0.98, cls_conf: 0.98)
Detection: fork 97% at [0, 119, 247, 241] (obj_conf: 0.98, cls_conf: 0.98)
Detection: chair 97% at [375, 0, 119, 0] (obj_conf: 0.98, cls_conf: 0.98)
Detection: couch 97% at [0, 119, 247, 241] (obj_conf: 0.98, cls_conf: 0.98)
Detection: cake 97% at [119, 247, 375, 0] (obj_conf: 0.98, cls_conf: 0.98)
Detection: chair 97% at [247, 375, 0, 242] (obj_conf: 0.98, cls_conf: 0.98)
Detection: motorcycle 97% at [0, 119, 247, 239] (obj_conf: 0.98, cls_conf: 0.98)
Detection: donut 97% at [0, 119, 243, 0] (obj_conf: 0.98, cls_conf: 0.98)
Detection: hair drier 97% at [247, 375, 0, 241] (obj_conf: 0.98, cls_conf: 0.98)
Detection: chair 97% at [119, 247, 375, 0] (obj_conf: 0.98, cls_conf: 0.98)
Detection: chair 97% at [119, 247, 375, 0] (obj_conf: 0.98, cls_conf: 0.98)
Detection: cake 97% at [247, 375, 0, 0] (obj_conf: 0.98, cls_conf: 0.98)
Detection: chair 97% at [247, 375, 0, 241] (obj_conf: 0.98, cls_conf: 0.98)
Detection: donut 97% at [119, 247, 371, 0] (obj_conf: 0.98, cls_conf: 0.98)
Detection: cake 97% at [375, 0, 119, 0] (obj_conf: 0.98, cls_conf: 0.98)
Detection: cake 97% at [119, 247, 375, 0] (obj_conf: 0.98, cls_conf: 0.98)
Detection: cake 97% at [247, 375, 0, 237] (obj_conf: 0.98, cls_conf: 0.98)
Detection: donut 97% at [375, 0, 117, 0] (obj_conf: 0.98, cls_conf: 0.98)
Detection: chair 97% at [375, 0, 119, 0] (obj_conf: 0.98, cls_conf: 0.98)
Detection: chair 97% at [119, 247, 375, 0] (obj_conf: 0.98, cls_conf: 0.98)
Detection: cake 97% at [247, 375, 0, 241] (obj_conf: 0.98, cls_conf: 0.98)
Detection: cake 97% at [119, 247, 375, 0] (obj_conf: 0.98, cls_conf: 0.98)
Detection: donut 97% at [247, 375, 0, 0] (obj_conf: 0.98, cls_conf: 0.98)
Detection: chair 97% at [373, 0, 119, 0] (obj_conf: 0.97, cls_conf: 0.97)
Detection: cake 97% at [375, 0, 119, 0] (obj_conf: 0.97, cls_conf: 0.97)
Detection: cake 97% at [375, 0, 119, 0] (obj_conf: 0.97, cls_conf: 0.97)
Detection: cake 97% at [375, 0, 119, 0] (obj_conf: 0.97, cls_conf: 0.97)
Detection: couch 97% at [111, 247, 375, 0] (obj_conf: 0.97, cls_conf: 0.97)
Detection: chair 97% at [119, 247, 375, 0] (obj_conf: 0.97, cls_conf: 0.97)
Detection: couch 97% at [244, 375, 0, 117] (obj_conf: 0.97, cls_conf: 0.97)
Detection: hair drier 97% at [242, 375, 0, 240] (obj_conf: 0.97, cls_conf: 0.97)
Detection: chair 97% at [245, 375, 0, 242] (obj_conf: 0.97, cls_conf: 0.97)
Detection: cake 97% at [119, 247, 375, 0] (obj_conf: 0.97, cls_conf: 0.97)
Detection: pizza 97% at [0, 119, 247, 241] (obj_conf: 0.97, cls_conf: 0.97)
Detection: donut 97% at [0, 119, 239, 0] (obj_conf: 0.97, cls_conf: 0.97)
Detection: donut 97% at [375, 0, 118, 0] (obj_conf: 0.97, cls_conf: 0.97)
Detection: pizza 97% at [247, 375, 0, 241] (obj_conf: 0.97, cls_conf: 0.97)
Detection: couch 97% at [116, 247, 375, 0] (obj_conf: 0.97, cls_conf: 0.97)
Detection: chair 97% at [370, 0, 119, 0] (obj_conf: 0.97, cls_conf: 0.97)
Detection: carrot 97% at [247, 375, 0, 0] (obj_conf: 0.97, cls_conf: 0.97)
Detection: cake 97% at [247, 375, 0, 0] (obj_conf: 0.97, cls_conf: 0.97)
Detection: cake 97% at [119, 247, 375, 0] (obj_conf: 0.97, cls_conf: 0.97)
Detection: chair 97% at [114, 247, 375, 0] (obj_conf: 0.97, cls_conf: 0.97)
Detection: hot dog 97% at [375, 0, 119, 0] (obj_conf: 0.97, cls_conf: 0.97)
Detection: couch 97% at [238, 375, 0, 240] (obj_conf: 0.97, cls_conf: 0.97)
Detection: cake 96% at [119, 247, 375, 0] (obj_conf: 0.97, cls_conf: 0.97)
Detection: carrot 96% at [0, 119, 246, 0] (obj_conf: 0.97, cls_conf: 0.97)
Detection: broccoli 96% at [375, 0, 119, 0] (obj_conf: 0.97, cls_conf: 0.97)
Detection: broccoli 96% at [0, 119, 247, 242] (obj_conf: 0.97, cls_conf: 0.97)
Detection: orange 96% at [0, 119, 247, 241] (obj_conf: 0.97, cls_conf: 0.97)
Detection: chair 96% at [366, 0, 119, 0] (obj_conf: 0.97, cls_conf: 0.97)
Detection: cake 96% at [247, 375, 0, 241] (obj_conf: 0.97, cls_conf: 0.97)
Detection: dining table 93% at [157, 324, 496, 373] (obj_conf: 0.93, cls_conf: 0.93)
Detection: toilet 92% at [55, 221, 388, 183] (obj_conf: 0.93, cls_conf: 0.93)
Detection: scissors 90% at [81, 209, 337, 419] (obj_conf: 0.90, cls_conf: 0.90)
Detection: toilet 89% at [119, 285, 452, 440] (obj_conf: 0.90, cls_conf: 0.90)
Detection: dining table 89% at [157, 330, 495, 430] (obj_conf: 0.89, cls_conf: 0.89)
Detection: scissors 88% at [106, 273, 439, 376] (obj_conf: 0.89, cls_conf: 0.89)
Detection: scissors 87% at [209, 337, 465, 164] (obj_conf: 0.88, cls_conf: 0.88)
Detection: scissors 86% at [74, 241, 407, 248] (obj_conf: 0.86, cls_conf: 0.86)
Detection: scissors 86% at [463, 81, 209, 164] (obj_conf: 0.86, cls_conf: 0.86)
Detection: vase 84% at [209, 337, 465, 160] (obj_conf: 0.84, cls_conf: 0.84)
Detection: dining table 84% at [157, 324, 493, 330] (obj_conf: 0.84, cls_conf: 0.84)
Detection: toilet 84% at [55, 221, 394, 183] (obj_conf: 0.84, cls_conf: 0.84)
Detection: toilet 84% at [0, 170, 337, 0] (obj_conf: 0.84, cls_conf: 0.84)
Detection: toilet 83% at [0, 170, 343, 0] (obj_conf: 0.84, cls_conf: 0.84)
Detection: toilet 82% at [35, 202, 369, 107] (obj_conf: 0.83, cls_conf: 0.83)
Detection: toilet 82% at [12, 189, 356, 40] (obj_conf: 0.82, cls_conf: 0.82)
Detection: toilet 82% at [14, 183, 356, 32] (obj_conf: 0.82, cls_conf: 0.82)
Detection: toilet 82% at [24, 189, 356, 40] (obj_conf: 0.82, cls_conf: 0.82)
Detection: toilet 81% at [55, 221, 388, 170] (obj_conf: 0.82, cls_conf: 0.82)
Detection: toilet 81% at [12, 183, 349, 32] (obj_conf: 0.82, cls_conf: 0.82)
Detection: toilet 81% at [14, 183, 349, 11] (obj_conf: 0.82, cls_conf: 0.82)
Detection: toilet 81% at [0, 176, 343, 0] (obj_conf: 0.82, cls_conf: 0.82)
Detection: toilet 81% at [0, 183, 349, 10] (obj_conf: 0.82, cls_conf: 0.82)
Detection: toilet 81% at [42, 209, 375, 119] (obj_conf: 0.82, cls_conf: 0.82)
Detection: toilet 81% at [24, 189, 356, 55] (obj_conf: 0.82, cls_conf: 0.82)
Detection: toilet 81% at [0, 177, 349, 2] (obj_conf: 0.82, cls_conf: 0.82)
Detection: toilet 81% at [0, 177, 343, 0] (obj_conf: 0.81, cls_conf: 0.81)
Detection: toilet 81% at [48, 215, 381, 144] (obj_conf: 0.81, cls_conf: 0.81)
Detection: toilet 81% at [0, 177, 343, 3] (obj_conf: 0.81, cls_conf: 0.81)
Detection: toilet 81% at [24, 190, 362, 55] (obj_conf: 0.81, cls_conf: 0.81)
Detection: scissors 80% at [74, 241, 407, 260] (obj_conf: 0.81, cls_conf: 0.81)
Detection: toilet 80% at [35, 208, 375, 119] (obj_conf: 0.81, cls_conf: 0.81)
Detection: toilet 79% at [24, 196, 362, 68] (obj_conf: 0.80, cls_conf: 0.80)
Detection: toilet 79% at [35, 202, 369, 93] (obj_conf: 0.80, cls_conf: 0.80)
Detection: vase 79% at [81, 209, 337, 417] (obj_conf: 0.79, cls_conf: 0.79)
Detection: toilet 79% at [42, 209, 375, 132] (obj_conf: 0.79, cls_conf: 0.79)
Detection: toilet 79% at [29, 196, 362, 67] (obj_conf: 0.79, cls_conf: 0.79)
Detection: toilet 79% at [29, 202, 369, 94] (obj_conf: 0.79, cls_conf: 0.79)
Detection: toilet 78% at [29, 196, 362, 81] (obj_conf: 0.79, cls_conf: 0.79)
Detection: toilet 78% at [55, 228, 394, 196] (obj_conf: 0.79, cls_conf: 0.79)
Detection: toilet 78% at [29, 196, 368, 80] (obj_conf: 0.79, cls_conf: 0.79)
Detection: toilet 76% at [35, 202, 375, 106] (obj_conf: 0.77, cls_conf: 0.77)
Detection: toilet 76% at [42, 215, 381, 145] (obj_conf: 0.76, cls_conf: 0.76)
Detection: toilet 75% at [61, 234, 400, 222] (obj_conf: 0.75, cls_conf: 0.75)
Detection: toilet 75% at [0, 170, 337, 500] (obj_conf: 0.75, cls_conf: 0.75)
Detection: scissors 75% at [335, 465, 81, 420] (obj_conf: 0.75, cls_conf: 0.75)
Detection: toilet 74% at [68, 234, 401, 222] (obj_conf: 0.75, cls_conf: 0.75)
Detection: scissors 73% at [68, 234, 407, 235] (obj_conf: 0.74, cls_conf: 0.74)
Detection: toilet 73% at [61, 228, 400, 209] (obj_conf: 0.74, cls_conf: 0.74)
Detection: dining table 72% at [151, 324, 493, 250] (obj_conf: 0.72, cls_conf: 0.72)
Detection: toilet 71% at [61, 228, 394, 196] (obj_conf: 0.71, cls_conf: 0.71)
Detection: toilet 70% at [61, 228, 394, 209] (obj_conf: 0.71, cls_conf: 0.71)
Detection: vase 69% at [337, 465, 80, 415] (obj_conf: 0.70, cls_conf: 0.70)
Detection: toilet 68% at [68, 234, 401, 235] (obj_conf: 0.69, cls_conf: 0.69)
Detection: hair drier 66% at [157, 331, 499, 512] (obj_conf: 0.66, cls_conf: 0.66)
Detection: scissors 65% at [35, 209, 375, 119] (obj_conf: 0.66, cls_conf: 0.66)
Detection: scissors 65% at [337, 465, 81, 419] (obj_conf: 0.65, cls_conf: 0.65)
Detection: scissors 65% at [42, 209, 375, 119] (obj_conf: 0.65, cls_conf: 0.65)
Detection: scissors 64% at [35, 202, 375, 106] (obj_conf: 0.64, cls_conf: 0.64)
Detection: toilet 64% at [42, 209, 381, 132] (obj_conf: 0.64, cls_conf: 0.64)
Detection: vase 63% at [465, 81, 209, 162] (obj_conf: 0.63, cls_conf: 0.63)
Detection: scissors 63% at [207, 337, 465, 165] (obj_conf: 0.63, cls_conf: 0.63)
Detection: toilet 62% at [74, 247, 413, 273] (obj_conf: 0.62, cls_conf: 0.62)
Detection: toilet 62% at [87, 253, 420, 299] (obj_conf: 0.62, cls_conf: 0.62)
Detection: toilet 61% at [74, 241, 413, 260] (obj_conf: 0.61, cls_conf: 0.61)
Detection: scissors 61% at [465, 81, 209, 164] (obj_conf: 0.61, cls_conf: 0.61)
Detection: teddy bear 61% at [408, 25, 152, 46] (obj_conf: 0.61, cls_conf: 0.61)
Detection: toaster 59% at [144, 311, 477, 84] (obj_conf: 0.60, cls_conf: 0.60)
Detection: scissors 59% at [461, 81, 209, 162] (obj_conf: 0.60, cls_conf: 0.60)
Detection: teddy bear 59% at [152, 280, 408, 46] (obj_conf: 0.59, cls_conf: 0.59)
Detection: teddy bear 59% at [25, 152, 280, 302] (obj_conf: 0.59, cls_conf: 0.59)
Detection: refrigerator 58% at [125, 292, 464, 466] (obj_conf: 0.59, cls_conf: 0.59)
Detection: dining table 58% at [151, 317, 493, 220] (obj_conf: 0.59, cls_conf: 0.59)
Detection: toilet 58% at [74, 241, 407, 248] (obj_conf: 0.58, cls_conf: 0.58)
Detection: person 57% at [113, 279, 445, 412] (obj_conf: 0.58, cls_conf: 0.58)
Detection: remote 57% at [151, 317, 486, 204] (obj_conf: 0.58, cls_conf: 0.58)
Detection: scissors 56% at [132, 305, 471, 0] (obj_conf: 0.57, cls_conf: 0.57)
Detection: vase 56% at [209, 337, 462, 275] (obj_conf: 0.56, cls_conf: 0.56)
Detection: vase 56% at [337, 465, 73, 171] (obj_conf: 0.56, cls_conf: 0.56)
Detection: vase 56% at [209, 337, 460, 226] (obj_conf: 0.56, cls_conf: 0.56)
Detection: toilet 56% at [49, 215, 381, 158] (obj_conf: 0.56, cls_conf: 0.56)
Detection: teddy bear 56% at [280, 408, 25, 302] (obj_conf: 0.56, cls_conf: 0.56)
Detection: vase 56% at [81, 209, 334, 272] (obj_conf: 0.56, cls_conf: 0.56)
Detection: vase 55% at [465, 81, 201, 146] (obj_conf: 0.56, cls_conf: 0.56)
Detection: scissors 55% at [42, 209, 375, 132] (obj_conf: 0.56, cls_conf: 0.56)
Detection: teddy bear 55% at [152, 280, 407, 46] (obj_conf: 0.56, cls_conf: 0.56)
Detection: scissors 55% at [332, 465, 81, 417] (obj_conf: 0.56, cls_conf: 0.56)
Detection: cell phone 55% at [132, 304, 471, 0] (obj_conf: 0.55, cls_conf: 0.55)
Detection: microwave 55% at [93, 260, 432, 337] (obj_conf: 0.55, cls_conf: 0.55)
Detection: scissors 55% at [74, 247, 413, 273] (obj_conf: 0.55, cls_conf: 0.55)
Detection: vase 55% at [81, 209, 329, 141] (obj_conf: 0.55, cls_conf: 0.55)
Detection: scissors 54% at [204, 337, 465, 163] (obj_conf: 0.55, cls_conf: 0.55)
Detection: teddy bear 54% at [408, 25, 151, 46] (obj_conf: 0.54, cls_conf: 0.54)
Detection: vase 54% at [337, 465, 77, 259] (obj_conf: 0.54, cls_conf: 0.54)
Detection: vase 53% at [465, 81, 205, 261] (obj_conf: 0.54, cls_conf: 0.54)
Detection: teddy bear 53% at [280, 408, 25, 302] (obj_conf: 0.54, cls_conf: 0.54)
Detection: toilet 53% at [93, 266, 432, 350] (obj_conf: 0.53, cls_conf: 0.53)
Detection: scissors 53% at [206, 337, 465, 79] (obj_conf: 0.53, cls_conf: 0.53)
Detection: hair drier 52% at [126, 299, 465, 390] (obj_conf: 0.53, cls_conf: 0.53)
Detection: scissors 52% at [458, 81, 209, 166] (obj_conf: 0.53, cls_conf: 0.53)
Detection: scissors 51% at [334, 465, 81, 207] (obj_conf: 0.52, cls_conf: 0.52)
Detection: scissors 51% at [42, 209, 381, 132] (obj_conf: 0.52, cls_conf: 0.52)
Detection: teddy bear 51% at [152, 280, 408, 34] (obj_conf: 0.51, cls_conf: 0.51)
Detection: remote 51% at [151, 317, 486, 169] (obj_conf: 0.51, cls_conf: 0.51)
Detection: scissors 51% at [132, 298, 471, 0] (obj_conf: 0.51, cls_conf: 0.51)
Detection: scissors 51% at [328, 465, 81, 412] (obj_conf: 0.51, cls_conf: 0.51)
Detection: scissors 51% at [138, 305, 471, 0] (obj_conf: 0.51, cls_conf: 0.51)
Detection: scissors 50% at [463, 81, 209, 335] (obj_conf: 0.51, cls_conf: 0.51)
Detection: scissors 50% at [200, 337, 465, 164] (obj_conf: 0.51, cls_conf: 0.51)
Detection: teddy bear 49% at [408, 25, 151, 285] (obj_conf: 0.50, cls_conf: 0.50)
Detection: toaster 49% at [138, 311, 477, 56] (obj_conf: 0.50, cls_conf: 0.50)
Detection: teddy bear 49% at [408, 25, 152, 46] (obj_conf: 0.50, cls_conf: 0.50)
Detection: hair drier 49% at [87, 253, 420, 312] (obj_conf: 0.50, cls_conf: 0.50)
Detection: toothbrush 48% at [62, 221, 395, 97] (obj_conf: 0.49, cls_conf: 0.49)
Detection: scissors 48% at [35, 202, 368, 106] (obj_conf: 0.49, cls_conf: 0.49)
Detection: teddy bear 48% at [280, 408, 25, 302] (obj_conf: 0.48, cls_conf: 0.48)
Detection: tv 48% at [138, 305, 471, 0] (obj_conf: 0.48, cls_conf: 0.48)
Detection: sink 48% at [100, 266, 439, 363] (obj_conf: 0.48, cls_conf: 0.48)
Detection: cell phone 47% at [132, 298, 471, 0] (obj_conf: 0.48, cls_conf: 0.48)
Detection: toothbrush 47% at [81, 253, 420, 299] (obj_conf: 0.47, cls_conf: 0.47)
Detection: hair drier 47% at [151, 317, 486, 194] (obj_conf: 0.47, cls_conf: 0.47)
Detection: dining table 46% at [106, 273, 445, 389] (obj_conf: 0.47, cls_conf: 0.47)
Detection: scissors 46% at [68, 234, 400, 235] (obj_conf: 0.46, cls_conf: 0.46)
Detection: teddy bear 46% at [280, 408, 25, 157] (obj_conf: 0.46, cls_conf: 0.46)
Detection: teddy bear 45% at [152, 280, 408, 46] (obj_conf: 0.46, cls_conf: 0.46)
Detection: vase 45% at [337, 465, 81, 418] (obj_conf: 0.46, cls_conf: 0.46)
Detection: teddy bear 45% at [408, 25, 152, 66] (obj_conf: 0.46, cls_conf: 0.46)
Detection: toothbrush 44% at [12, 183, 349, 10] (obj_conf: 0.45, cls_conf: 0.45)
Detection: teddy bear 44% at [152, 280, 408, 46] (obj_conf: 0.45, cls_conf: 0.45)
Detection: tv 44% at [52, 217, 382, 61] (obj_conf: 0.44, cls_conf: 0.44)
Detection: person 44% at [49, 215, 388, 157] (obj_conf: 0.44, cls_conf: 0.44)
Detection: scissors 43% at [138, 304, 477, 40] (obj_conf: 0.44, cls_conf: 0.44)
Detection: vase 43% at [465, 81, 206, 286] (obj_conf: 0.44, cls_conf: 0.44)
Detection: teddy bear 43% at [280, 408, 25, 302] (obj_conf: 0.43, cls_conf: 0.43)
Detection: book 43% at [145, 311, 477, 98] (obj_conf: 0.43, cls_conf: 0.43)
Detection: toothbrush 43% at [113, 279, 445, 401] (obj_conf: 0.43, cls_conf: 0.43)
Detection: vase 43% at [465, 81, 207, 273] (obj_conf: 0.43, cls_conf: 0.43)
Detection: person 43% at [49, 221, 388, 171] (obj_conf: 0.43, cls_conf: 0.43)
Detection: toothbrush 42% at [80, 247, 413, 273] (obj_conf: 0.43, cls_conf: 0.43)
Detection: toothbrush 42% at [49, 215, 381, 157] (obj_conf: 0.42, cls_conf: 0.42)
Detection: toothbrush 42% at [0, 177, 349, 2] (obj_conf: 0.42, cls_conf: 0.42)
Detection: scissors 42% at [138, 305, 470, 9] (obj_conf: 0.42, cls_conf: 0.42)
Detection: toothbrush 41% at [0, 183, 349, 11] (obj_conf: 0.42, cls_conf: 0.42)
Detection: hair drier 41% at [151, 317, 486, 170] (obj_conf: 0.41, cls_conf: 0.41)
Detection: teddy bear 40% at [407, 25, 157, 128] (obj_conf: 0.41, cls_conf: 0.41)
Detection: scissors 40% at [42, 215, 381, 145] (obj_conf: 0.41, cls_conf: 0.41)
Detection: toothbrush 40% at [48, 215, 381, 145] (obj_conf: 0.41, cls_conf: 0.41)
Detection: hair drier 40% at [157, 324, 493, 273] (obj_conf: 0.40, cls_conf: 0.40)
Detection: teddy bear 39% at [152, 280, 407, 47] (obj_conf: 0.40, cls_conf: 0.40)
Detection: toothbrush 39% at [0, 177, 343, 0] (obj_conf: 0.40, cls_conf: 0.40)
Detection: hair drier 39% at [55, 222, 388, 183] (obj_conf: 0.40, cls_conf: 0.40)
Detection: toothbrush 39% at [13, 183, 349, 32] (obj_conf: 0.39, cls_conf: 0.39)
Detection: toilet 39% at [165, 332, 499, 512] (obj_conf: 0.39, cls_conf: 0.39)
Detection: toothbrush 39% at [49, 215, 388, 158] (obj_conf: 0.39, cls_conf: 0.39)
Detection: toothbrush 39% at [66, 229, 396, 109] (obj_conf: 0.39, cls_conf: 0.39)
Detection: toothbrush 38% at [0, 189, 356, 40] (obj_conf: 0.39, cls_conf: 0.39)
Detection: vase 38% at [337, 465, 79, 265] (obj_conf: 0.38, cls_conf: 0.38)
Detection: teddy bear 38% at [25, 151, 285, 217] (obj_conf: 0.38, cls_conf: 0.38)
Detection: hair drier 38% at [151, 317, 493, 214] (obj_conf: 0.38, cls_conf: 0.38)
Detection: vase 37% at [81, 209, 337, 234] (obj_conf: 0.38, cls_conf: 0.38)
Detection: scissors 37% at [132, 298, 464, 0] (obj_conf: 0.37, cls_conf: 0.37)
Detection: vase 37% at [209, 337, 465, 234] (obj_conf: 0.37, cls_conf: 0.37)
Detection: vase 37% at [237, 363, 490, 215] (obj_conf: 0.37, cls_conf: 0.37)
Detection: toothbrush 36% at [48, 221, 388, 170] (obj_conf: 0.37, cls_conf: 0.37)
Detection: vase 36% at [209, 337, 463, 275] (obj_conf: 0.37, cls_conf: 0.37)
Detection: toothbrush 36% at [138, 311, 477, 67] (obj_conf: 0.37, cls_conf: 0.37)
Detection: toilet 36% at [185, 347, 512, 367] (obj_conf: 0.36, cls_conf: 0.36)
Detection: toilet 36% at [180, 356, 512, 424] (obj_conf: 0.36, cls_conf: 0.36)
Detection: toilet 36% at [185, 350, 510, 351] (obj_conf: 0.36, cls_conf: 0.36)
Detection: tv 36% at [26, 205, 369, 511] (obj_conf: 0.36, cls_conf: 0.36)
Detection: toothbrush 36% at [64, 230, 395, 110] (obj_conf: 0.36, cls_conf: 0.36)
Detection: toothbrush 35% at [0, 170, 343, 0] (obj_conf: 0.36, cls_conf: 0.36)
Detection: hair drier 35% at [95, 267, 434, 262] (obj_conf: 0.36, cls_conf: 0.36)
Detection: toilet 35% at [178, 345, 508, 218] (obj_conf: 0.36, cls_conf: 0.36)
Detection: dining table 35% at [132, 298, 464, 0] (obj_conf: 0.36, cls_conf: 0.36)
Detection: toilet 35% at [179, 344, 508, 235] (obj_conf: 0.36, cls_conf: 0.36)
Detection: toilet 35% at [184, 351, 510, 330] (obj_conf: 0.35, cls_conf: 0.35)
Detection: teddy bear 35% at [152, 280, 408, 46] (obj_conf: 0.35, cls_conf: 0.35)
Detection: toothbrush 35% at [63, 223, 387, 97] (obj_conf: 0.35, cls_conf: 0.35)
Detection: teddy bear 35% at [168, 280, 407, 64] (obj_conf: 0.35, cls_conf: 0.35)
Detection: hair drier 35% at [55, 221, 388, 171] (obj_conf: 0.35, cls_conf: 0.35)
Detection: toilet 35% at [167, 343, 509, 161] (obj_conf: 0.35, cls_conf: 0.35)
Detection: vase 35% at [337, 465, 78, 284] (obj_conf: 0.35, cls_conf: 0.35)
Detection: toilet 35% at [179, 340, 510, 250] (obj_conf: 0.35, cls_conf: 0.35)
Detection: toilet 35% at [174, 349, 510, 295] (obj_conf: 0.35, cls_conf: 0.35)
Detection: hair drier 34% at [145, 311, 477, 75] (obj_conf: 0.34, cls_conf: 0.34)
Detection: hair drier 34% at [145, 317, 486, 156] (obj_conf: 0.34, cls_conf: 0.34)
Detection: vase 34% at [209, 337, 465, 163] (obj_conf: 0.34, cls_conf: 0.34)
Detection: microwave 33% at [127, 289, 464, 378] (obj_conf: 0.34, cls_conf: 0.34)
Detection: dining table 33% at [145, 317, 486, 158] (obj_conf: 0.34, cls_conf: 0.34)
Detection: microwave 33% at [62, 225, 401, 122] (obj_conf: 0.34, cls_conf: 0.34)
Detection: hair drier 33% at [102, 268, 433, 263] (obj_conf: 0.34, cls_conf: 0.34)
Detection: hair drier 33% at [24, 190, 356, 55] (obj_conf: 0.34, cls_conf: 0.34)
Detection: hair drier 33% at [95, 260, 433, 250] (obj_conf: 0.34, cls_conf: 0.34)
Detection: vase 33% at [491, 107, 235, 213] (obj_conf: 0.33, cls_conf: 0.33)
Detection: vase 33% at [365, 490, 107, 480] (obj_conf: 0.33, cls_conf: 0.33)
Detection: vase 32% at [363, 490, 107, 472] (obj_conf: 0.32, cls_conf: 0.32)
Detection: teddy bear 32% at [279, 407, 28, 129] (obj_conf: 0.32, cls_conf: 0.32)
Detection: hair drier 32% at [103, 267, 433, 275] (obj_conf: 0.32, cls_conf: 0.32)
Detection: teddy bear 31% at [152, 280, 407, 46] (obj_conf: 0.32, cls_conf: 0.32)
Detection: oven 31% at [91, 255, 417, 224] (obj_conf: 0.32, cls_conf: 0.32)
Detection: toilet 31% at [172, 334, 509, 132] (obj_conf: 0.32, cls_conf: 0.32)
Detection: toilet 31% at [173, 337, 506, 117] (obj_conf: 0.32, cls_conf: 0.32)
Detection: toothbrush 31% at [13, 183, 356, 33] (obj_conf: 0.32, cls_conf: 0.32)
Detection: hair drier 31% at [55, 221, 394, 183] (obj_conf: 0.31, cls_conf: 0.31)
-> output image saved to ./yolov9t_detections.jpg
Postprocessing complete (40.7 ms)
Found 300 objects
